==============================================================================
20160923 17:06:50.130 - INFO - + START SUITE: Acceptancetest [ ]
==============================================================================
20160923 17:06:50.208 - INFO - +- START SUITE: Acceptancetest.CSV-JSONConversion [ ]
==============================================================================
20160923 17:06:50.212 - INFO - +-- START TEST: CSV to JSON to CSV Yields Original [ ]
------------------------------------------------------------------------------
20160923 17:06:50.214 - INFO - +--- START KW: OperatingSystem.Get File [ src/test/resources/grades.csv ]
20160923 17:06:50.221 - INFO - ${contents} = "ID","Total","Assignment 1","Assignment 2","Exam 1"
"111278","611","146","128","337"
"111352","867","227","228","412"
"111373","461","96","90","275"
"111305","835","220","217","398"
"111399","898","22...
20160923 17:06:50.224 - INFO - +--- END KW: OperatingSystem.Get File (9)
~~~~~~~~~~~~~~~~~~~~~~~~~~~~~~~~~~~~~~~~~~~~~~~~~~~~~~~~~~~~~~~~~~~~~~~~~~~~~~
20160923 17:06:50.226 - INFO - +--- START KW: keywords.ConverterKeywords.Convert To Json [ ${contents} ]
20160923 17:06:50.230 - INFO - ${json} = {"rowHeaders":["111278","111352","111373","111305","111399","111160","111276","111241"],"data":[[611,146,128,337],[867,227,228,412],[461,96,90,275],[835,220,217,398],[898,226,229,443],[454,77,125,252]...
20160923 17:06:50.231 - INFO - +--- END KW: keywords.ConverterKeywords.Convert To Json (5)
~~~~~~~~~~~~~~~~~~~~~~~~~~~~~~~~~~~~~~~~~~~~~~~~~~~~~~~~~~~~~~~~~~~~~~~~~~~~~~
20160923 17:06:50.232 - INFO - +--- START KW: keywords.ConverterKeywords.Convert To Csv [ ${json} ]
20160923 17:06:50.234 - INFO - ${csv} = "ID","Total","Assignment 1","Assignment 2","Exam 1"
"111278","611","146","128","337"
"111352","867","227","228","412"
"111373","461","96","90","275"
"111305","835","220","217","398"
"111399","898","22...
20160923 17:06:50.235 - INFO - +--- END KW: keywords.ConverterKeywords.Convert To Csv (2)
~~~~~~~~~~~~~~~~~~~~~~~~~~~~~~~~~~~~~~~~~~~~~~~~~~~~~~~~~~~~~~~~~~~~~~~~~~~~~~
20160923 17:06:50.235 - INFO - +--- START KW: BuiltIn.Should Be Equal [ ${contents} | ${csv} ]
20160923 17:06:50.237 - INFO - +--- END KW: BuiltIn.Should Be Equal (2)
------------------------------------------------------------------------------
20160923 17:06:50.239 - INFO - +-- END TEST: CSV to JSON to CSV Yields Original (28)
------------------------------------------------------------------------------
20160923 17:06:50.241 - INFO - +-- START TEST: JSON to CSV to JSON Yields Original [ ]
------------------------------------------------------------------------------
20160923 17:06:50.244 - INFO - +--- START KW: OperatingSystem.Get File [ src/test/resources/grades.json ]
20160923 17:06:50.248 - INFO - ${contents} = {
    "colHeaders":["Total","Assignment 1","Assignment 2","Exam 1"],
    "rowHeaders":["111278","111352","111373","111305","111399","111160","111276","111241"],
    "data":[[611,146,128,337],
        ...
20160923 17:06:50.250 - INFO - +--- END KW: OperatingSystem.Get File (6)
~~~~~~~~~~~~~~~~~~~~~~~~~~~~~~~~~~~~~~~~~~~~~~~~~~~~~~~~~~~~~~~~~~~~~~~~~~~~~~
20160923 17:06:50.251 - INFO - +--- START KW: keywords.ConverterKeywords.Convert To Csv [ ${contents} ]
20160923 17:06:50.255 - INFO - ${csv} = "ID","Total","Assignment 1","Assignment 2","Exam 1"
"111278","611","146","128","337"
"111352","867","227","228","412"
"111373","461","96","90","275"
"111305","835","220","217","398"
"111399","898","22...
20160923 17:06:50.256 - INFO - +--- END KW: keywords.ConverterKeywords.Convert To Csv (5)
~~~~~~~~~~~~~~~~~~~~~~~~~~~~~~~~~~~~~~~~~~~~~~~~~~~~~~~~~~~~~~~~~~~~~~~~~~~~~~
20160923 17:06:50.257 - INFO - +--- START KW: keywords.ConverterKeywords.Convert To Json [ ${csv} ]
20160923 17:06:50.260 - INFO - ${json} = {"rowHeaders":["111278","111352","111373","111305","111399","111160","111276","111241"],"data":[[611,146,128,337],[867,227,228,412],[461,96,90,275],[835,220,217,398],[898,226,229,443],[454,77,125,252]...
20160923 17:06:50.261 - INFO - +--- END KW: keywords.ConverterKeywords.Convert To Json (4)
~~~~~~~~~~~~~~~~~~~~~~~~~~~~~~~~~~~~~~~~~~~~~~~~~~~~~~~~~~~~~~~~~~~~~~~~~~~~~~
20160923 17:06:50.263 - INFO - +--- START KW: keywords.ConverterKeywords.Json Strings Are Equal [ ${contents} | ${json} ]
20160923 17:06:50.266 - INFO - ${same} = True
20160923 17:06:50.267 - INFO - +--- END KW: keywords.ConverterKeywords.Json Strings Are Equal (4)
~~~~~~~~~~~~~~~~~~~~~~~~~~~~~~~~~~~~~~~~~~~~~~~~~~~~~~~~~~~~~~~~~~~~~~~~~~~~~~
20160923 17:06:50.268 - INFO - +--- START KW: BuiltIn.Should Be True [ ${same} ]
20160923 17:06:50.271 - INFO - +--- END KW: BuiltIn.Should Be True (3)
------------------------------------------------------------------------------
20160923 17:06:50.273 - INFO - +-- END TEST: JSON to CSV to JSON Yields Original (32)
------------------------------------------------------------------------------
20160923 17:06:50.278 - INFO - +- END SUITE: Acceptancetest.CSV-JSONConversion (142)
==============================================================================
20160923 17:06:50.283 - INFO - + END SUITE: Acceptancetest (298)
==============================================================================
